<?xml version="1.0" encoding="UTF-8"?>
<!-- Generated by org.testng.reporters.JUnitXMLReporter -->
<testsuite ignored="0" hostname="RICKU" failures="1" tests="1" name="Test" time="0.041" errors="0" timestamp="2023-09-06T09:11:41 IST">
  <testcase classname="MavenEx" name="login" time="0.006">
    <failure type="java.lang.NullPointerException" message="inStream parameter is null">
      <![CDATA[java.lang.NullPointerException: inStream parameter is null
at java.base/java.util.Objects.requireNonNull(Objects.java:246)
at java.base/java.util.Properties.load(Properties.java:403)
at MavenEx.login(MavenEx.java:21)
at java.base/java.util.ArrayList.forEach(ArrayList.java:1540)
... Removed 27 stack frames]]>
    </failure>
  </testcase> <!-- login -->
</testsuite> <!-- Test -->
